<?xml version="1.0" encoding="UTF-8"?>
<testsuite xmlns:xsi="http://www.w3.org/2001/XMLSchema-instance" xsi:noNamespaceSchemaLocation="https://maven.apache.org/surefire/maven-surefire-plugin/xsd/surefire-test-report.xsd" name="com.wecom.sendwecommsg.SendwecommsgApplicationTests" time="3.483" tests="1" errors="0" skipped="0" failures="0">
  <properties>
    <property name="gopherProxySet" value="false"/>
    <property name="awt.toolkit" value="sun.lwawt.macosx.LWCToolkit"/>
    <property name="file.encoding.pkg" value="sun.io"/>
    <property name="java.specification.version" value="1.8"/>
    <property name="sun.cpu.isalist" value=""/>
    <property name="sun.jnu.encoding" value="UTF-8"/>
    <property name="java.class.path" value="/Users/liuzhiyuan/Documents/SoftWare/JetBrains/ideaWork/sendwecommsg/target/test-classes:/Users/liuzhiyuan/Documents/SoftWare/JetBrains/ideaWork/sendwecommsg/target/classes:/Users/liuzhiyuan/Documents/SoftWare/maven/Repository3.5.4/org/springframework/boot/spring-boot-starter-web/2.6.1/spring-boot-starter-web-2.6.1.jar:/Users/liuzhiyuan/Documents/SoftWare/maven/Repository3.5.4/org/springframework/boot/spring-boot-starter/2.6.1/spring-boot-starter-2.6.1.jar:/Users/liuzhiyuan/Documents/SoftWare/maven/Repository3.5.4/org/springframework/boot/spring-boot/2.6.1/spring-boot-2.6.1.jar:/Users/liuzhiyuan/Documents/SoftWare/maven/Repository3.5.4/org/springframework/boot/spring-boot-autoconfigure/2.6.1/spring-boot-autoconfigure-2.6.1.jar:/Users/liuzhiyuan/Documents/SoftWare/maven/Repository3.5.4/org/springframework/boot/spring-boot-starter-logging/2.6.1/spring-boot-starter-logging-2.6.1.jar:/Users/liuzhiyuan/Documents/SoftWare/maven/Repository3.5.4/ch/qos/logback/logback-classic/1.2.7/logback-classic-1.2.7.jar:/Users/liuzhiyuan/Documents/SoftWare/maven/Repository3.5.4/ch/qos/logback/logback-core/1.2.7/logback-core-1.2.7.jar:/Users/liuzhiyuan/Documents/SoftWare/maven/Repository3.5.4/org/apache/logging/log4j/log4j-to-slf4j/2.14.1/log4j-to-slf4j-2.14.1.jar:/Users/liuzhiyuan/Documents/SoftWare/maven/Repository3.5.4/org/apache/logging/log4j/log4j-api/2.14.1/log4j-api-2.14.1.jar:/Users/liuzhiyuan/Documents/SoftWare/maven/Repository3.5.4/org/slf4j/jul-to-slf4j/1.7.32/jul-to-slf4j-1.7.32.jar:/Users/liuzhiyuan/Documents/SoftWare/maven/Repository3.5.4/jakarta/annotation/jakarta.annotation-api/1.3.5/jakarta.annotation-api-1.3.5.jar:/Users/liuzhiyuan/Documents/SoftWare/maven/Repository3.5.4/org/yaml/snakeyaml/1.29/snakeyaml-1.29.jar:/Users/liuzhiyuan/Documents/SoftWare/maven/Repository3.5.4/org/springframework/boot/spring-boot-starter-json/2.6.1/spring-boot-starter-json-2.6.1.jar:/Users/liuzhiyuan/Documents/SoftWare/maven/Repository3.5.4/com/fasterxml/jackson/core/jackson-databind/2.13.0/jackson-databind-2.13.0.jar:/Users/liuzhiyuan/Documents/SoftWare/maven/Repository3.5.4/com/fasterxml/jackson/core/jackson-annotations/2.13.0/jackson-annotations-2.13.0.jar:/Users/liuzhiyuan/Documents/SoftWare/maven/Repository3.5.4/com/fasterxml/jackson/core/jackson-core/2.13.0/jackson-core-2.13.0.jar:/Users/liuzhiyuan/Documents/SoftWare/maven/Repository3.5.4/com/fasterxml/jackson/datatype/jackson-datatype-jdk8/2.13.0/jackson-datatype-jdk8-2.13.0.jar:/Users/liuzhiyuan/Documents/SoftWare/maven/Repository3.5.4/com/fasterxml/jackson/datatype/jackson-datatype-jsr310/2.13.0/jackson-datatype-jsr310-2.13.0.jar:/Users/liuzhiyuan/Documents/SoftWare/maven/Repository3.5.4/com/fasterxml/jackson/module/jackson-module-parameter-names/2.13.0/jackson-module-parameter-names-2.13.0.jar:/Users/liuzhiyuan/Documents/SoftWare/maven/Repository3.5.4/org/springframework/boot/spring-boot-starter-tomcat/2.6.1/spring-boot-starter-tomcat-2.6.1.jar:/Users/liuzhiyuan/Documents/SoftWare/maven/Repository3.5.4/org/apache/tomcat/embed/tomcat-embed-core/9.0.55/tomcat-embed-core-9.0.55.jar:/Users/liuzhiyuan/Documents/SoftWare/maven/Repository3.5.4/org/apache/tomcat/embed/tomcat-embed-el/9.0.55/tomcat-embed-el-9.0.55.jar:/Users/liuzhiyuan/Documents/SoftWare/maven/Repository3.5.4/org/apache/tomcat/embed/tomcat-embed-websocket/9.0.55/tomcat-embed-websocket-9.0.55.jar:/Users/liuzhiyuan/Documents/SoftWare/maven/Repository3.5.4/org/springframework/spring-web/5.3.13/spring-web-5.3.13.jar:/Users/liuzhiyuan/Documents/SoftWare/maven/Repository3.5.4/org/springframework/spring-beans/5.3.13/spring-beans-5.3.13.jar:/Users/liuzhiyuan/Documents/SoftWare/maven/Repository3.5.4/org/springframework/spring-webmvc/5.3.13/spring-webmvc-5.3.13.jar:/Users/liuzhiyuan/Documents/SoftWare/maven/Repository3.5.4/org/springframework/spring-aop/5.3.13/spring-aop-5.3.13.jar:/Users/liuzhiyuan/Documents/SoftWare/maven/Repository3.5.4/org/springframework/spring-context/5.3.13/spring-context-5.3.13.jar:/Users/liuzhiyuan/Documents/SoftWare/maven/Repository3.5.4/org/springframework/spring-expression/5.3.13/spring-expression-5.3.13.jar:/Users/liuzhiyuan/Documents/SoftWare/maven/Repository3.5.4/org/springframework/boot/spring-boot-starter-test/2.6.1/spring-boot-starter-test-2.6.1.jar:/Users/liuzhiyuan/Documents/SoftWare/maven/Repository3.5.4/org/springframework/boot/spring-boot-test/2.6.1/spring-boot-test-2.6.1.jar:/Users/liuzhiyuan/Documents/SoftWare/maven/Repository3.5.4/org/springframework/boot/spring-boot-test-autoconfigure/2.6.1/spring-boot-test-autoconfigure-2.6.1.jar:/Users/liuzhiyuan/Documents/SoftWare/maven/Repository3.5.4/com/jayway/jsonpath/json-path/2.6.0/json-path-2.6.0.jar:/Users/liuzhiyuan/Documents/SoftWare/maven/Repository3.5.4/net/minidev/json-smart/2.4.7/json-smart-2.4.7.jar:/Users/liuzhiyuan/Documents/SoftWare/maven/Repository3.5.4/net/minidev/accessors-smart/2.4.7/accessors-smart-2.4.7.jar:/Users/liuzhiyuan/Documents/SoftWare/maven/Repository3.5.4/org/ow2/asm/asm/9.1/asm-9.1.jar:/Users/liuzhiyuan/Documents/SoftWare/maven/Repository3.5.4/org/slf4j/slf4j-api/1.7.32/slf4j-api-1.7.32.jar:/Users/liuzhiyuan/Documents/SoftWare/maven/Repository3.5.4/jakarta/xml/bind/jakarta.xml.bind-api/2.3.3/jakarta.xml.bind-api-2.3.3.jar:/Users/liuzhiyuan/Documents/SoftWare/maven/Repository3.5.4/jakarta/activation/jakarta.activation-api/1.2.2/jakarta.activation-api-1.2.2.jar:/Users/liuzhiyuan/Documents/SoftWare/maven/Repository3.5.4/org/assertj/assertj-core/3.21.0/assertj-core-3.21.0.jar:/Users/liuzhiyuan/Documents/SoftWare/maven/Repository3.5.4/org/hamcrest/hamcrest/2.2/hamcrest-2.2.jar:/Users/liuzhiyuan/Documents/SoftWare/maven/Repository3.5.4/org/junit/jupiter/junit-jupiter/5.8.1/junit-jupiter-5.8.1.jar:/Users/liuzhiyuan/Documents/SoftWare/maven/Repository3.5.4/org/junit/jupiter/junit-jupiter-api/5.8.1/junit-jupiter-api-5.8.1.jar:/Users/liuzhiyuan/Documents/SoftWare/maven/Repository3.5.4/org/opentest4j/opentest4j/1.2.0/opentest4j-1.2.0.jar:/Users/liuzhiyuan/Documents/SoftWare/maven/Repository3.5.4/org/junit/platform/junit-platform-commons/1.8.1/junit-platform-commons-1.8.1.jar:/Users/liuzhiyuan/Documents/SoftWare/maven/Repository3.5.4/org/apiguardian/apiguardian-api/1.1.2/apiguardian-api-1.1.2.jar:/Users/liuzhiyuan/Documents/SoftWare/maven/Repository3.5.4/org/junit/jupiter/junit-jupiter-params/5.8.1/junit-jupiter-params-5.8.1.jar:/Users/liuzhiyuan/Documents/SoftWare/maven/Repository3.5.4/org/junit/jupiter/junit-jupiter-engine/5.8.1/junit-jupiter-engine-5.8.1.jar:/Users/liuzhiyuan/Documents/SoftWare/maven/Repository3.5.4/org/junit/platform/junit-platform-engine/1.8.1/junit-platform-engine-1.8.1.jar:/Users/liuzhiyuan/Documents/SoftWare/maven/Repository3.5.4/org/mockito/mockito-core/4.0.0/mockito-core-4.0.0.jar:/Users/liuzhiyuan/Documents/SoftWare/maven/Repository3.5.4/net/bytebuddy/byte-buddy/1.11.22/byte-buddy-1.11.22.jar:/Users/liuzhiyuan/Documents/SoftWare/maven/Repository3.5.4/net/bytebuddy/byte-buddy-agent/1.11.22/byte-buddy-agent-1.11.22.jar:/Users/liuzhiyuan/Documents/SoftWare/maven/Repository3.5.4/org/objenesis/objenesis/3.2/objenesis-3.2.jar:/Users/liuzhiyuan/Documents/SoftWare/maven/Repository3.5.4/org/mockito/mockito-junit-jupiter/4.0.0/mockito-junit-jupiter-4.0.0.jar:/Users/liuzhiyuan/Documents/SoftWare/maven/Repository3.5.4/org/skyscreamer/jsonassert/1.5.0/jsonassert-1.5.0.jar:/Users/liuzhiyuan/Documents/SoftWare/maven/Repository3.5.4/com/vaadin/external/google/android-json/0.0.20131108.vaadin1/android-json-0.0.20131108.vaadin1.jar:/Users/liuzhiyuan/Documents/SoftWare/maven/Repository3.5.4/org/springframework/spring-core/5.3.13/spring-core-5.3.13.jar:/Users/liuzhiyuan/Documents/SoftWare/maven/Repository3.5.4/org/springframework/spring-jcl/5.3.13/spring-jcl-5.3.13.jar:/Users/liuzhiyuan/Documents/SoftWare/maven/Repository3.5.4/org/springframework/spring-test/5.3.13/spring-test-5.3.13.jar:/Users/liuzhiyuan/Documents/SoftWare/maven/Repository3.5.4/org/xmlunit/xmlunit-core/2.8.3/xmlunit-core-2.8.3.jar:/Users/liuzhiyuan/Documents/SoftWare/maven/Repository3.5.4/com/mashape/unirest/unirest-java/1.4.9/unirest-java-1.4.9.jar:/Users/liuzhiyuan/Documents/SoftWare/maven/Repository3.5.4/org/apache/httpcomponents/httpclient/4.5.13/httpclient-4.5.13.jar:/Users/liuzhiyuan/Documents/SoftWare/maven/Repository3.5.4/org/apache/httpcomponents/httpcore/4.4.14/httpcore-4.4.14.jar:/Users/liuzhiyuan/Documents/SoftWare/maven/Repository3.5.4/commons-codec/commons-codec/1.15/commons-codec-1.15.jar:/Users/liuzhiyuan/Documents/SoftWare/maven/Repository3.5.4/org/apache/httpcomponents/httpasyncclient/4.1.4/httpasyncclient-4.1.4.jar:/Users/liuzhiyuan/Documents/SoftWare/maven/Repository3.5.4/org/apache/httpcomponents/httpcore-nio/4.4.14/httpcore-nio-4.4.14.jar:/Users/liuzhiyuan/Documents/SoftWare/maven/Repository3.5.4/org/apache/httpcomponents/httpmime/4.5.13/httpmime-4.5.13.jar:/Users/liuzhiyuan/Documents/SoftWare/maven/Repository3.5.4/org/json/json/20160212/json-20160212.jar:/Users/liuzhiyuan/Documents/SoftWare/maven/Repository3.5.4/commons-lang/commons-lang/2.6/commons-lang-2.6.jar:/Users/liuzhiyuan/Documents/SoftWare/maven/Repository3.5.4/com/alibaba/fastjson/1.2.83/fastjson-1.2.83.jar:/Users/liuzhiyuan/Documents/SoftWare/maven/Repository3.5.4/org/projectlombok/lombok/1.18.22/lombok-1.18.22.jar:/Users/liuzhiyuan/Documents/SoftWare/maven/Repository3.5.4/com/squareup/okhttp3/okhttp/4.10.0/okhttp-4.10.0.jar:/Users/liuzhiyuan/Documents/SoftWare/maven/Repository3.5.4/com/squareup/okio/okio-jvm/3.0.0/okio-jvm-3.0.0.jar:/Users/liuzhiyuan/Documents/SoftWare/maven/Repository3.5.4/org/jetbrains/kotlin/kotlin-stdlib-jdk8/1.6.0/kotlin-stdlib-jdk8-1.6.0.jar:/Users/liuzhiyuan/Documents/SoftWare/maven/Repository3.5.4/org/jetbrains/kotlin/kotlin-stdlib-jdk7/1.6.0/kotlin-stdlib-jdk7-1.6.0.jar:/Users/liuzhiyuan/Documents/SoftWare/maven/Repository3.5.4/org/jetbrains/kotlin/kotlin-stdlib-common/1.6.0/kotlin-stdlib-common-1.6.0.jar:/Users/liuzhiyuan/Documents/SoftWare/maven/Repository3.5.4/org/jetbrains/kotlin/kotlin-stdlib/1.6.0/kotlin-stdlib-1.6.0.jar:/Users/liuzhiyuan/Documents/SoftWare/maven/Repository3.5.4/org/jetbrains/annotations/13.0/annotations-13.0.jar:"/>
    <property name="java.vm.vendor" value="Oracle Corporation"/>
    <property name="sun.arch.data.model" value="64"/>
    <property name="java.vendor.url" value="http://java.oracle.com/"/>
    <property name="user.timezone" value=""/>
    <property name="java.vm.specification.version" value="1.8"/>
    <property name="os.name" value="Mac OS X"/>
    <property name="user.country" value="CN"/>
    <property name="sun.java.launcher" value="SUN_STANDARD"/>
    <property name="sun.boot.library.path" value="/Library/Java/JavaVirtualMachines/jdk1.8.0_361.jdk/Contents/Home/jre/lib"/>
    <property name="sun.java.command" value="/Users/liuzhiyuan/Documents/SoftWare/JetBrains/ideaWork/sendwecommsg/target/surefire/surefirebooter7514869357833860097.jar /Users/liuzhiyuan/Documents/SoftWare/JetBrains/ideaWork/sendwecommsg/target/surefire 2023-12-14T16-09-31_283-jvmRun1 surefire688490804346167170tmp surefire_01663221324160965439tmp"/>
    <property name="surefire.test.class.path" value="/Users/liuzhiyuan/Documents/SoftWare/JetBrains/ideaWork/sendwecommsg/target/test-classes:/Users/liuzhiyuan/Documents/SoftWare/JetBrains/ideaWork/sendwecommsg/target/classes:/Users/liuzhiyuan/Documents/SoftWare/maven/Repository3.5.4/org/springframework/boot/spring-boot-starter-web/2.6.1/spring-boot-starter-web-2.6.1.jar:/Users/liuzhiyuan/Documents/SoftWare/maven/Repository3.5.4/org/springframework/boot/spring-boot-starter/2.6.1/spring-boot-starter-2.6.1.jar:/Users/liuzhiyuan/Documents/SoftWare/maven/Repository3.5.4/org/springframework/boot/spring-boot/2.6.1/spring-boot-2.6.1.jar:/Users/liuzhiyuan/Documents/SoftWare/maven/Repository3.5.4/org/springframework/boot/spring-boot-autoconfigure/2.6.1/spring-boot-autoconfigure-2.6.1.jar:/Users/liuzhiyuan/Documents/SoftWare/maven/Repository3.5.4/org/springframework/boot/spring-boot-starter-logging/2.6.1/spring-boot-starter-logging-2.6.1.jar:/Users/liuzhiyuan/Documents/SoftWare/maven/Repository3.5.4/ch/qos/logback/logback-classic/1.2.7/logback-classic-1.2.7.jar:/Users/liuzhiyuan/Documents/SoftWare/maven/Repository3.5.4/ch/qos/logback/logback-core/1.2.7/logback-core-1.2.7.jar:/Users/liuzhiyuan/Documents/SoftWare/maven/Repository3.5.4/org/apache/logging/log4j/log4j-to-slf4j/2.14.1/log4j-to-slf4j-2.14.1.jar:/Users/liuzhiyuan/Documents/SoftWare/maven/Repository3.5.4/org/apache/logging/log4j/log4j-api/2.14.1/log4j-api-2.14.1.jar:/Users/liuzhiyuan/Documents/SoftWare/maven/Repository3.5.4/org/slf4j/jul-to-slf4j/1.7.32/jul-to-slf4j-1.7.32.jar:/Users/liuzhiyuan/Documents/SoftWare/maven/Repository3.5.4/jakarta/annotation/jakarta.annotation-api/1.3.5/jakarta.annotation-api-1.3.5.jar:/Users/liuzhiyuan/Documents/SoftWare/maven/Repository3.5.4/org/yaml/snakeyaml/1.29/snakeyaml-1.29.jar:/Users/liuzhiyuan/Documents/SoftWare/maven/Repository3.5.4/org/springframework/boot/spring-boot-starter-json/2.6.1/spring-boot-starter-json-2.6.1.jar:/Users/liuzhiyuan/Documents/SoftWare/maven/Repository3.5.4/com/fasterxml/jackson/core/jackson-databind/2.13.0/jackson-databind-2.13.0.jar:/Users/liuzhiyuan/Documents/SoftWare/maven/Repository3.5.4/com/fasterxml/jackson/core/jackson-annotations/2.13.0/jackson-annotations-2.13.0.jar:/Users/liuzhiyuan/Documents/SoftWare/maven/Repository3.5.4/com/fasterxml/jackson/core/jackson-core/2.13.0/jackson-core-2.13.0.jar:/Users/liuzhiyuan/Documents/SoftWare/maven/Repository3.5.4/com/fasterxml/jackson/datatype/jackson-datatype-jdk8/2.13.0/jackson-datatype-jdk8-2.13.0.jar:/Users/liuzhiyuan/Documents/SoftWare/maven/Repository3.5.4/com/fasterxml/jackson/datatype/jackson-datatype-jsr310/2.13.0/jackson-datatype-jsr310-2.13.0.jar:/Users/liuzhiyuan/Documents/SoftWare/maven/Repository3.5.4/com/fasterxml/jackson/module/jackson-module-parameter-names/2.13.0/jackson-module-parameter-names-2.13.0.jar:/Users/liuzhiyuan/Documents/SoftWare/maven/Repository3.5.4/org/springframework/boot/spring-boot-starter-tomcat/2.6.1/spring-boot-starter-tomcat-2.6.1.jar:/Users/liuzhiyuan/Documents/SoftWare/maven/Repository3.5.4/org/apache/tomcat/embed/tomcat-embed-core/9.0.55/tomcat-embed-core-9.0.55.jar:/Users/liuzhiyuan/Documents/SoftWare/maven/Repository3.5.4/org/apache/tomcat/embed/tomcat-embed-el/9.0.55/tomcat-embed-el-9.0.55.jar:/Users/liuzhiyuan/Documents/SoftWare/maven/Repository3.5.4/org/apache/tomcat/embed/tomcat-embed-websocket/9.0.55/tomcat-embed-websocket-9.0.55.jar:/Users/liuzhiyuan/Documents/SoftWare/maven/Repository3.5.4/org/springframework/spring-web/5.3.13/spring-web-5.3.13.jar:/Users/liuzhiyuan/Documents/SoftWare/maven/Repository3.5.4/org/springframework/spring-beans/5.3.13/spring-beans-5.3.13.jar:/Users/liuzhiyuan/Documents/SoftWare/maven/Repository3.5.4/org/springframework/spring-webmvc/5.3.13/spring-webmvc-5.3.13.jar:/Users/liuzhiyuan/Documents/SoftWare/maven/Repository3.5.4/org/springframework/spring-aop/5.3.13/spring-aop-5.3.13.jar:/Users/liuzhiyuan/Documents/SoftWare/maven/Repository3.5.4/org/springframework/spring-context/5.3.13/spring-context-5.3.13.jar:/Users/liuzhiyuan/Documents/SoftWare/maven/Repository3.5.4/org/springframework/spring-expression/5.3.13/spring-expression-5.3.13.jar:/Users/liuzhiyuan/Documents/SoftWare/maven/Repository3.5.4/org/springframework/boot/spring-boot-starter-test/2.6.1/spring-boot-starter-test-2.6.1.jar:/Users/liuzhiyuan/Documents/SoftWare/maven/Repository3.5.4/org/springframework/boot/spring-boot-test/2.6.1/spring-boot-test-2.6.1.jar:/Users/liuzhiyuan/Documents/SoftWare/maven/Repository3.5.4/org/springframework/boot/spring-boot-test-autoconfigure/2.6.1/spring-boot-test-autoconfigure-2.6.1.jar:/Users/liuzhiyuan/Documents/SoftWare/maven/Repository3.5.4/com/jayway/jsonpath/json-path/2.6.0/json-path-2.6.0.jar:/Users/liuzhiyuan/Documents/SoftWare/maven/Repository3.5.4/net/minidev/json-smart/2.4.7/json-smart-2.4.7.jar:/Users/liuzhiyuan/Documents/SoftWare/maven/Repository3.5.4/net/minidev/accessors-smart/2.4.7/accessors-smart-2.4.7.jar:/Users/liuzhiyuan/Documents/SoftWare/maven/Repository3.5.4/org/ow2/asm/asm/9.1/asm-9.1.jar:/Users/liuzhiyuan/Documents/SoftWare/maven/Repository3.5.4/org/slf4j/slf4j-api/1.7.32/slf4j-api-1.7.32.jar:/Users/liuzhiyuan/Documents/SoftWare/maven/Repository3.5.4/jakarta/xml/bind/jakarta.xml.bind-api/2.3.3/jakarta.xml.bind-api-2.3.3.jar:/Users/liuzhiyuan/Documents/SoftWare/maven/Repository3.5.4/jakarta/activation/jakarta.activation-api/1.2.2/jakarta.activation-api-1.2.2.jar:/Users/liuzhiyuan/Documents/SoftWare/maven/Repository3.5.4/org/assertj/assertj-core/3.21.0/assertj-core-3.21.0.jar:/Users/liuzhiyuan/Documents/SoftWare/maven/Repository3.5.4/org/hamcrest/hamcrest/2.2/hamcrest-2.2.jar:/Users/liuzhiyuan/Documents/SoftWare/maven/Repository3.5.4/org/junit/jupiter/junit-jupiter/5.8.1/junit-jupiter-5.8.1.jar:/Users/liuzhiyuan/Documents/SoftWare/maven/Repository3.5.4/org/junit/jupiter/junit-jupiter-api/5.8.1/junit-jupiter-api-5.8.1.jar:/Users/liuzhiyuan/Documents/SoftWare/maven/Repository3.5.4/org/opentest4j/opentest4j/1.2.0/opentest4j-1.2.0.jar:/Users/liuzhiyuan/Documents/SoftWare/maven/Repository3.5.4/org/junit/platform/junit-platform-commons/1.8.1/junit-platform-commons-1.8.1.jar:/Users/liuzhiyuan/Documents/SoftWare/maven/Repository3.5.4/org/apiguardian/apiguardian-api/1.1.2/apiguardian-api-1.1.2.jar:/Users/liuzhiyuan/Documents/SoftWare/maven/Repository3.5.4/org/junit/jupiter/junit-jupiter-params/5.8.1/junit-jupiter-params-5.8.1.jar:/Users/liuzhiyuan/Documents/SoftWare/maven/Repository3.5.4/org/junit/jupiter/junit-jupiter-engine/5.8.1/junit-jupiter-engine-5.8.1.jar:/Users/liuzhiyuan/Documents/SoftWare/maven/Repository3.5.4/org/junit/platform/junit-platform-engine/1.8.1/junit-platform-engine-1.8.1.jar:/Users/liuzhiyuan/Documents/SoftWare/maven/Repository3.5.4/org/mockito/mockito-core/4.0.0/mockito-core-4.0.0.jar:/Users/liuzhiyuan/Documents/SoftWare/maven/Repository3.5.4/net/bytebuddy/byte-buddy/1.11.22/byte-buddy-1.11.22.jar:/Users/liuzhiyuan/Documents/SoftWare/maven/Repository3.5.4/net/bytebuddy/byte-buddy-agent/1.11.22/byte-buddy-agent-1.11.22.jar:/Users/liuzhiyuan/Documents/SoftWare/maven/Repository3.5.4/org/objenesis/objenesis/3.2/objenesis-3.2.jar:/Users/liuzhiyuan/Documents/SoftWare/maven/Repository3.5.4/org/mockito/mockito-junit-jupiter/4.0.0/mockito-junit-jupiter-4.0.0.jar:/Users/liuzhiyuan/Documents/SoftWare/maven/Repository3.5.4/org/skyscreamer/jsonassert/1.5.0/jsonassert-1.5.0.jar:/Users/liuzhiyuan/Documents/SoftWare/maven/Repository3.5.4/com/vaadin/external/google/android-json/0.0.20131108.vaadin1/android-json-0.0.20131108.vaadin1.jar:/Users/liuzhiyuan/Documents/SoftWare/maven/Repository3.5.4/org/springframework/spring-core/5.3.13/spring-core-5.3.13.jar:/Users/liuzhiyuan/Documents/SoftWare/maven/Repository3.5.4/org/springframework/spring-jcl/5.3.13/spring-jcl-5.3.13.jar:/Users/liuzhiyuan/Documents/SoftWare/maven/Repository3.5.4/org/springframework/spring-test/5.3.13/spring-test-5.3.13.jar:/Users/liuzhiyuan/Documents/SoftWare/maven/Repository3.5.4/org/xmlunit/xmlunit-core/2.8.3/xmlunit-core-2.8.3.jar:/Users/liuzhiyuan/Documents/SoftWare/maven/Repository3.5.4/com/mashape/unirest/unirest-java/1.4.9/unirest-java-1.4.9.jar:/Users/liuzhiyuan/Documents/SoftWare/maven/Repository3.5.4/org/apache/httpcomponents/httpclient/4.5.13/httpclient-4.5.13.jar:/Users/liuzhiyuan/Documents/SoftWare/maven/Repository3.5.4/org/apache/httpcomponents/httpcore/4.4.14/httpcore-4.4.14.jar:/Users/liuzhiyuan/Documents/SoftWare/maven/Repository3.5.4/commons-codec/commons-codec/1.15/commons-codec-1.15.jar:/Users/liuzhiyuan/Documents/SoftWare/maven/Repository3.5.4/org/apache/httpcomponents/httpasyncclient/4.1.4/httpasyncclient-4.1.4.jar:/Users/liuzhiyuan/Documents/SoftWare/maven/Repository3.5.4/org/apache/httpcomponents/httpcore-nio/4.4.14/httpcore-nio-4.4.14.jar:/Users/liuzhiyuan/Documents/SoftWare/maven/Repository3.5.4/org/apache/httpcomponents/httpmime/4.5.13/httpmime-4.5.13.jar:/Users/liuzhiyuan/Documents/SoftWare/maven/Repository3.5.4/org/json/json/20160212/json-20160212.jar:/Users/liuzhiyuan/Documents/SoftWare/maven/Repository3.5.4/commons-lang/commons-lang/2.6/commons-lang-2.6.jar:/Users/liuzhiyuan/Documents/SoftWare/maven/Repository3.5.4/com/alibaba/fastjson/1.2.83/fastjson-1.2.83.jar:/Users/liuzhiyuan/Documents/SoftWare/maven/Repository3.5.4/org/projectlombok/lombok/1.18.22/lombok-1.18.22.jar:/Users/liuzhiyuan/Documents/SoftWare/maven/Repository3.5.4/com/squareup/okhttp3/okhttp/4.10.0/okhttp-4.10.0.jar:/Users/liuzhiyuan/Documents/SoftWare/maven/Repository3.5.4/com/squareup/okio/okio-jvm/3.0.0/okio-jvm-3.0.0.jar:/Users/liuzhiyuan/Documents/SoftWare/maven/Repository3.5.4/org/jetbrains/kotlin/kotlin-stdlib-jdk8/1.6.0/kotlin-stdlib-jdk8-1.6.0.jar:/Users/liuzhiyuan/Documents/SoftWare/maven/Repository3.5.4/org/jetbrains/kotlin/kotlin-stdlib-jdk7/1.6.0/kotlin-stdlib-jdk7-1.6.0.jar:/Users/liuzhiyuan/Documents/SoftWare/maven/Repository3.5.4/org/jetbrains/kotlin/kotlin-stdlib-common/1.6.0/kotlin-stdlib-common-1.6.0.jar:/Users/liuzhiyuan/Documents/SoftWare/maven/Repository3.5.4/org/jetbrains/kotlin/kotlin-stdlib/1.6.0/kotlin-stdlib-1.6.0.jar:/Users/liuzhiyuan/Documents/SoftWare/maven/Repository3.5.4/org/jetbrains/annotations/13.0/annotations-13.0.jar:"/>
    <property name="sun.cpu.endian" value="little"/>
    <property name="user.home" value="/Users/liuzhiyuan"/>
    <property name="user.language" value="zh"/>
    <property name="java.specification.vendor" value="Oracle Corporation"/>
    <property name="java.home" value="/Library/Java/JavaVirtualMachines/jdk1.8.0_361.jdk/Contents/Home/jre"/>
    <property name="basedir" value="/Users/liuzhiyuan/Documents/SoftWare/JetBrains/ideaWork/sendwecommsg"/>
    <property name="file.separator" value="/"/>
    <property name="line.separator" value="&#10;"/>
    <property name="java.vm.specification.vendor" value="Oracle Corporation"/>
    <property name="java.specification.name" value="Java Platform API Specification"/>
    <property name="java.awt.graphicsenv" value="sun.awt.CGraphicsEnvironment"/>
    <property name="surefire.real.class.path" value="/Users/liuzhiyuan/Documents/SoftWare/JetBrains/ideaWork/sendwecommsg/target/surefire/surefirebooter7514869357833860097.jar"/>
    <property name="sun.boot.class.path" value="/Library/Java/JavaVirtualMachines/jdk1.8.0_361.jdk/Contents/Home/jre/lib/resources.jar:/Library/Java/JavaVirtualMachines/jdk1.8.0_361.jdk/Contents/Home/jre/lib/rt.jar:/Library/Java/JavaVirtualMachines/jdk1.8.0_361.jdk/Contents/Home/jre/lib/jsse.jar:/Library/Java/JavaVirtualMachines/jdk1.8.0_361.jdk/Contents/Home/jre/lib/jce.jar:/Library/Java/JavaVirtualMachines/jdk1.8.0_361.jdk/Contents/Home/jre/lib/charsets.jar:/Library/Java/JavaVirtualMachines/jdk1.8.0_361.jdk/Contents/Home/jre/lib/jfr.jar:/Library/Java/JavaVirtualMachines/jdk1.8.0_361.jdk/Contents/Home/jre/classes"/>
    <property name="sun.management.compiler" value="HotSpot 64-Bit Tiered Compilers"/>
    <property name="java.runtime.version" value="1.8.0_361-b09"/>
    <property name="user.name" value="liuzhiyuan"/>
    <property name="path.separator" value=":"/>
    <property name="os.version" value="14.0"/>
    <property name="java.endorsed.dirs" value="/Library/Java/JavaVirtualMachines/jdk1.8.0_361.jdk/Contents/Home/jre/lib/endorsed"/>
    <property name="java.runtime.name" value="Java(TM) SE Runtime Environment"/>
    <property name="file.encoding" value="UTF-8"/>
    <property name="java.vm.name" value="Java HotSpot(TM) 64-Bit Server VM"/>
    <property name="localRepository" value="/Users/liuzhiyuan/Documents/SoftWare/maven/Repository3.5.4"/>
    <property name="java.vendor.url.bug" value="http://bugreport.sun.com/bugreport/"/>
    <property name="java.io.tmpdir" value="/var/folders/zm/q03wyts54yl73l3l4fkcgdnh0000gn/T/"/>
    <property name="idea.version" value="2022.3.3"/>
    <property name="java.version" value="1.8.0_361"/>
    <property name="user.dir" value="/Users/liuzhiyuan/Documents/SoftWare/JetBrains/ideaWork/sendwecommsg"/>
    <property name="os.arch" value="x86_64"/>
    <property name="java.vm.specification.name" value="Java Virtual Machine Specification"/>
    <property name="java.awt.printerjob" value="sun.lwawt.macosx.CPrinterJob"/>
    <property name="sun.os.patch.level" value="unknown"/>
    <property name="java.library.path" value="/Users/liuzhiyuan/Library/Java/Extensions:/Library/Java/Extensions:/Network/Library/Java/Extensions:/System/Library/Java/Extensions:/usr/lib/java:."/>
    <property name="java.vm.info" value="mixed mode"/>
    <property name="java.vendor" value="Oracle Corporation"/>
    <property name="java.vm.version" value="25.361-b09"/>
    <property name="java.specification.maintenance.version" value="4"/>
    <property name="java.ext.dirs" value="/Users/liuzhiyuan/Library/Java/Extensions:/Library/Java/JavaVirtualMachines/jdk1.8.0_361.jdk/Contents/Home/jre/lib/ext:/Library/Java/Extensions:/Network/Library/Java/Extensions:/System/Library/Java/Extensions:/usr/lib/java"/>
    <property name="sun.io.unicode.encoding" value="UnicodeBig"/>
    <property name="maven.repo.local" value="/Users/liuzhiyuan/Documents/SoftWare/maven/Repository3.5.4"/>
    <property name="java.class.version" value="52.0"/>
  </properties>
  <testcase name="contextLoads" classname="com.wecom.sendwecommsg.SendwecommsgApplicationTests" time="0.208"/>
</testsuite>